<?xml version="1.0" encoding="UTF-8"?>
<testng-results ignored="0" total="1" passed="1" failed="0" skipped="0">
  <reporter-output>
  </reporter-output>
  <suite started-at="2021-10-30T11:01:29 ICT" name="Default suite" finished-at="2021-10-30T11:01:38 ICT" duration-ms="8646">
    <groups>
    </groups>
    <test started-at="2021-10-30T11:01:29 ICT" name="Default test" finished-at="2021-10-30T11:01:38 ICT" duration-ms="8646">
      <class name="test.Test99GuruLoginWithPageFactory">
        <test-method is-config="true" signature="setup()[pri:0, instance:test.Test99GuruLoginWithPageFactory@3738449f]" started-at="2021-10-30T11:01:29 ICT" name="setup" finished-at="2021-10-30T11:01:37 ICT" duration-ms="7452" status="PASS">
          <reporter-output>
          </reporter-output>
        </test-method> <!-- setup -->
        <test-method signature="test_Home_Page_Appear_Correct()[pri:0, instance:test.Test99GuruLoginWithPageFactory@3738449f]" started-at="2021-10-30T11:01:37 ICT" name="test_Home_Page_Appear_Correct" finished-at="2021-10-30T11:01:38 ICT" duration-ms="1168" status="PASS">
          <reporter-output>
          </reporter-output>
        </test-method> <!-- test_Home_Page_Appear_Correct -->
      </class> <!-- test.Test99GuruLoginWithPageFactory -->
    </test> <!-- Default test -->
  </suite> <!-- Default suite -->
</testng-results>
